android/app/build/intermediates/manifest_merge_blame_file/debug/manifest-merger-blame-debug-report.txt
1<?xml version="1.0" encoding="utf-8"?>
2<manifest xmlns:android="http://schemas.android.com/apk/res/android"
3    package="com.developer.khind"
4    android:versionCode="9"
5    android:versionName="1.4.2" >
6
7    <uses-sdk
8        android:minSdkVersion="20"
9        android:targetSdkVersion="30" />
10    <!--
11         Flutter needs it to communicate with the running application
12         to allow setting breakpoints, to provide hot reload, etc.
13    -->
14    <uses-permission android:name="android.permission.INTERNET" />
14-->src/main/AndroidManifest.xml:3:5-67
14-->src/main/AndroidManifest.xml:3:22-64
15    <uses-permission android:name="android.permission.ACCESS_NETWORK_STATE" />
15-->src/main/AndroidManifest.xml:4:5-79
15-->src/main/AndroidManifest.xml:4:22-76
16    <uses-permission android:name="android.permission.READ_EXTERNAL_STORAGE" />
16-->src/main/AndroidManifest.xml:5:5-80
16-->src/main/AndroidManifest.xml:5:22-77
17    <uses-permission android:name="android.permission.WRITE_EXTERNAL_STORAGE" />
17-->src/main/AndroidManifest.xml:6:5-81
17-->src/main/AndroidManifest.xml:6:22-78
18    <uses-permission android:name="android.permission.CAMERA" />
18-->src/main/AndroidManifest.xml:7:5-65
18-->src/main/AndroidManifest.xml:7:22-62
19
20    <queries>
20-->src/main/AndroidManifest.xml:8:5-14:15
21
22        <!-- If your app opens https URLs -->
23        <intent>
23-->src/main/AndroidManifest.xml:10:7-13:16
24            <action android:name="android.intent.action.VIEW" />
24-->src/main/AndroidManifest.xml:11:9-61
24-->src/main/AndroidManifest.xml:11:17-58
25
26            <data android:scheme="https" />
26-->src/main/AndroidManifest.xml:12:9-40
26-->src/main/AndroidManifest.xml:12:15-37
27        </intent>
28        <intent>
28-->[:file_picker] AndroidManifest.xml:10:9-14:18
29            <action android:name="android.intent.action.GET_CONTENT" />
29-->[:file_picker] AndroidManifest.xml:11:13-72
29-->[:file_picker] AndroidManifest.xml:11:21-69
30
31            <data android:mimeType="*/*" />
31-->src/main/AndroidManifest.xml:12:9-40
32        </intent>
33        <intent>
33-->[:flutter_inappwebview] AndroidManifest.xml:8:9-10:18
34            <action android:name="android.support.customtabs.action.CustomTabsService" />
34-->[:flutter_inappwebview] AndroidManifest.xml:9:13-90
34-->[:flutter_inappwebview] AndroidManifest.xml:9:21-87
35        </intent>
36    </queries> <!-- Don't require camera, as this requires a rear camera. This allows it to work on the Nexus 7 -->
37    <uses-feature
37-->[com.journeyapps:zxing-android-embedded:4.2.0] AndroidManifest.xml:25:5-27:36
38        android:name="android.hardware.camera"
38-->[com.journeyapps:zxing-android-embedded:4.2.0] AndroidManifest.xml:26:9-47
39        android:required="false" />
39-->[com.journeyapps:zxing-android-embedded:4.2.0] AndroidManifest.xml:27:9-33
40    <uses-feature
40-->[com.journeyapps:zxing-android-embedded:4.2.0] AndroidManifest.xml:28:5-30:36
41        android:name="android.hardware.camera.front"
41-->[com.journeyapps:zxing-android-embedded:4.2.0] AndroidManifest.xml:29:9-53
42        android:required="false" /> <!-- TODO replace above two with next line after Android 4.2 -->
42-->[com.journeyapps:zxing-android-embedded:4.2.0] AndroidManifest.xml:30:9-33
43    <!-- <uses-feature android:name="android.hardware.camera.any"/> -->
44    <uses-feature
44-->[com.journeyapps:zxing-android-embedded:4.2.0] AndroidManifest.xml:33:5-35:36
45        android:name="android.hardware.camera.autofocus"
45-->[com.journeyapps:zxing-android-embedded:4.2.0] AndroidManifest.xml:34:9-57
46        android:required="false" />
46-->[com.journeyapps:zxing-android-embedded:4.2.0] AndroidManifest.xml:35:9-33
47    <uses-feature
47-->[com.journeyapps:zxing-android-embedded:4.2.0] AndroidManifest.xml:36:5-38:36
48        android:name="android.hardware.camera.flash"
48-->[com.journeyapps:zxing-android-embedded:4.2.0] AndroidManifest.xml:37:9-53
49        android:required="false" />
49-->[com.journeyapps:zxing-android-embedded:4.2.0] AndroidManifest.xml:38:9-33
50    <uses-feature
50-->[com.journeyapps:zxing-android-embedded:4.2.0] AndroidManifest.xml:39:5-41:36
51        android:name="android.hardware.screen.landscape"
51-->[com.journeyapps:zxing-android-embedded:4.2.0] AndroidManifest.xml:40:9-57
52        android:required="false" />
52-->[com.journeyapps:zxing-android-embedded:4.2.0] AndroidManifest.xml:41:9-33
53    <uses-feature
53-->[com.journeyapps:zxing-android-embedded:4.2.0] AndroidManifest.xml:42:5-44:36
54        android:name="android.hardware.wifi"
54-->[com.journeyapps:zxing-android-embedded:4.2.0] AndroidManifest.xml:43:9-45
55        android:required="false" />
55-->[com.journeyapps:zxing-android-embedded:4.2.0] AndroidManifest.xml:44:9-33
56
57    <application
57-->src/main/AndroidManifest.xml:15:4-52:19
58        android:name="androidx.multidex.MultiDexApplication"
59        android:appComponentFactory="androidx.core.app.CoreComponentFactory"
59-->[androidx.core:core:1.5.0] AndroidManifest.xml:24:18-86
60        android:debuggable="true"
61        android:icon="@mipmap/ic_launcher"
61-->src/main/AndroidManifest.xml:17:9-43
62        android:label="KHIND Care" >
62-->src/main/AndroidManifest.xml:16:9-35
63        <activity
63-->src/main/AndroidManifest.xml:18:9-46:20
64            android:name="com.developer.khind.MainActivity"
64-->src/main/AndroidManifest.xml:19:13-41
65            android:configChanges="orientation|keyboardHidden|keyboard|screenSize|smallestScreenSize|locale|layoutDirection|fontScale|screenLayout|density|uiMode"
65-->src/main/AndroidManifest.xml:22:13-163
66            android:hardwareAccelerated="true"
66-->src/main/AndroidManifest.xml:23:13-47
67            android:launchMode="singleTop"
67-->src/main/AndroidManifest.xml:20:13-43
68            android:theme="@style/LaunchTheme"
68-->src/main/AndroidManifest.xml:21:13-47
69            android:windowSoftInputMode="adjustPan" >
69-->src/main/AndroidManifest.xml:24:13-52
70
71            <!--
72                 Specifies an Android theme to apply to this Activity as soon as
73                 the Android process has started. This theme is visible to the user
74                 while the Flutter UI initializes. After that, this theme continues
75                 to determine the Window background behind the Flutter UI.
76            -->
77            <meta-data
77-->src/main/AndroidManifest.xml:29:13-32:17
78                android:name="io.flutter.embedding.android.NormalTheme"
78-->src/main/AndroidManifest.xml:30:15-70
79                android:resource="@style/NormalTheme" />
79-->src/main/AndroidManifest.xml:31:15-52
80            <!--
81                 Displays an Android View that continues showing the launch screen
82                 Drawable until Flutter paints its first frame, then this splash
83                 screen fades out. A splash screen is useful to avoid any visual
84                 gap between the end of Android's launch screen and the painting of
85                 Flutter's first frame.
86            -->
87            <meta-data
87-->src/main/AndroidManifest.xml:38:13-41:17
88                android:name="io.flutter.embedding.android.SplashScreenDrawable"
88-->src/main/AndroidManifest.xml:39:15-79
89                android:resource="@drawable/launch_background" />
89-->src/main/AndroidManifest.xml:40:15-61
90
91            <intent-filter>
91-->src/main/AndroidManifest.xml:42:13-45:29
92                <action android:name="android.intent.action.MAIN" />
92-->src/main/AndroidManifest.xml:43:17-68
92-->src/main/AndroidManifest.xml:43:25-66
93
94                <category android:name="android.intent.category.LAUNCHER" />
94-->src/main/AndroidManifest.xml:44:17-76
94-->src/main/AndroidManifest.xml:44:27-74
95            </intent-filter>
96        </activity>
97        <!--
98             Don't delete the meta-data below.
99             This is used by the Flutter tool to generate GeneratedPluginRegistrant.java
100        -->
101        <meta-data
101-->src/main/AndroidManifest.xml:49:9-51:33
102            android:name="flutterEmbedding"
102-->src/main/AndroidManifest.xml:50:13-44
103            android:value="2" />
103-->src/main/AndroidManifest.xml:51:13-30
104
105        <activity
105-->[:flutter_inappwebview] AndroidManifest.xml:14:9-17:47
106            android:name="com.pichillilorenzo.flutter_inappwebview.in_app_browser.InAppBrowserActivity"
106-->[:flutter_inappwebview] AndroidManifest.xml:15:13-104
107            android:configChanges="orientation|keyboardHidden|keyboard|screenSize|locale|layoutDirection|fontScale|screenLayout|density"
107-->[:flutter_inappwebview] AndroidManifest.xml:16:13-137
108            android:theme="@style/AppTheme" />
108-->[:flutter_inappwebview] AndroidManifest.xml:17:13-44
109        <activity
109-->[:flutter_inappwebview] AndroidManifest.xml:18:9-20:55
110            android:name="com.pichillilorenzo.flutter_inappwebview.chrome_custom_tabs.ChromeCustomTabsActivity"
110-->[:flutter_inappwebview] AndroidManifest.xml:19:13-112
111            android:theme="@style/ThemeTransparent" />
111-->[:flutter_inappwebview] AndroidManifest.xml:20:13-52
112
113        <receiver android:name="com.pichillilorenzo.flutter_inappwebview.chrome_custom_tabs.ActionBroadcastReceiver" />
113-->[:flutter_inappwebview] AndroidManifest.xml:22:9-120
113-->[:flutter_inappwebview] AndroidManifest.xml:22:19-117
114
115        <meta-data
115-->[:flutter_inappwebview] AndroidManifest.xml:24:9-26:36
116            android:name="io.flutter.embedded_views_preview"
116-->[:flutter_inappwebview] AndroidManifest.xml:25:13-61
117            android:value="true" />
117-->[:flutter_inappwebview] AndroidManifest.xml:26:13-33
118
119        <activity
119-->[:url_launcher] AndroidManifest.xml:8:9-11:74
120            android:name="io.flutter.plugins.urllauncher.WebViewActivity"
120-->[:url_launcher] AndroidManifest.xml:9:13-74
121            android:exported="false"
121-->[:url_launcher] AndroidManifest.xml:10:13-37
122            android:theme="@android:style/Theme.NoTitleBar.Fullscreen" />
122-->[:url_launcher] AndroidManifest.xml:11:13-71
123        <activity
123-->[com.journeyapps:zxing-android-embedded:4.2.0] AndroidManifest.xml:47:9-53:63
124            android:name="com.journeyapps.barcodescanner.CaptureActivity"
124-->[com.journeyapps:zxing-android-embedded:4.2.0] AndroidManifest.xml:48:13-74
125            android:clearTaskOnLaunch="true"
125-->[com.journeyapps:zxing-android-embedded:4.2.0] AndroidManifest.xml:49:13-45
126            android:screenOrientation="sensorLandscape"
126-->[com.journeyapps:zxing-android-embedded:4.2.0] AndroidManifest.xml:50:13-56
127            android:stateNotNeeded="true"
127-->[com.journeyapps:zxing-android-embedded:4.2.0] AndroidManifest.xml:51:13-42
128            android:theme="@style/zxing_CaptureTheme"
128-->[com.journeyapps:zxing-android-embedded:4.2.0] AndroidManifest.xml:52:13-54
129            android:windowSoftInputMode="stateAlwaysHidden" />
129-->[com.journeyapps:zxing-android-embedded:4.2.0] AndroidManifest.xml:53:13-60
130    </application>
131
132</manifest>